<?xml version="1.0" encoding="UTF-8"?>
<testng-results skipped="0" failed="0" ignored="0" total="1" passed="1">
  <reporter-output>
  </reporter-output>
  <suite name="Surefire suite" duration-ms="4930" started-at="2021-03-23T10:19:38 EDT" finished-at="2021-03-23T10:19:43 EDT">
    <groups>
      <group name="cucumber">
        <method signature="AbstractTestNGCucumberTests.runScenario(io.cucumber.testng.PickleWrapper, io.cucumber.testng.FeatureWrapper)[pri:0, instance:TestRunner@65e2dbf3]" name="runScenario" class="io.cucumber.testng.AbstractTestNGCucumberTests"/>
      </group> <!-- cucumber -->
    </groups>
    <test name="Surefire test" duration-ms="4930" started-at="2021-03-23T10:19:38 EDT" finished-at="2021-03-23T10:19:43 EDT">
      <class name="TestRunner">
        <test-method status="PASS" signature="setUpClass()[pri:0, instance:TestRunner@65e2dbf3]" name="setUpClass" is-config="true" duration-ms="258" started-at="2021-03-23T10:19:38 EDT" finished-at="2021-03-23T10:19:39 EDT">
          <reporter-output>
          </reporter-output>
        </test-method> <!-- setUpClass -->
        <test-method status="PASS" signature="runScenario(io.cucumber.testng.PickleWrapper, io.cucumber.testng.FeatureWrapper)[pri:0, instance:TestRunner@65e2dbf3]" name="runScenario" duration-ms="4574" started-at="2021-03-23T10:19:39 EDT" description="Runs Cucumber Scenarios" data-provider="scenarios" finished-at="2021-03-23T10:19:43 EDT">
          <params>
            <param index="0">
              <value>
                <![CDATA["use open talentTek site"]]>
              </value>
            </param>
            <param index="1">
              <value>
                <![CDATA["Optional[open browser and login]"]]>
              </value>
            </param>
          </params>
          <reporter-output>
          </reporter-output>
        </test-method> <!-- runScenario -->
        <test-method status="PASS" signature="tearDownClass()[pri:0, instance:TestRunner@65e2dbf3]" name="tearDownClass" is-config="true" duration-ms="68" started-at="2021-03-23T10:19:43 EDT" finished-at="2021-03-23T10:19:43 EDT">
          <reporter-output>
          </reporter-output>
        </test-method> <!-- tearDownClass -->
      </class> <!-- TestRunner -->
    </test> <!-- Surefire test -->
  </suite> <!-- Surefire suite -->
</testng-results>
