<?xml version="1.0" encoding="UTF-8"?>
<testng-results skipped="0" failed="0" ignored="0" total="4" passed="4">
  <reporter-output>
  </reporter-output>
  <suite name="Surefire suite" duration-ms="21811" started-at="2021-04-06T13:11:03 EDT" finished-at="2021-04-06T13:11:25 EDT">
    <groups>
      <group name="cucumber">
        <method signature="AbstractTestNGCucumberTests.runScenario(io.cucumber.testng.PickleWrapper, io.cucumber.testng.FeatureWrapper)[pri:0, instance:TestRunner@65e2dbf3]" name="runScenario" class="io.cucumber.testng.AbstractTestNGCucumberTests"/>
      </group> <!-- cucumber -->
    </groups>
    <test name="Surefire test" duration-ms="21811" started-at="2021-04-06T13:11:03 EDT" finished-at="2021-04-06T13:11:25 EDT">
      <class name="TestRunner">
        <test-method status="PASS" signature="setUpClass()[pri:0, instance:TestRunner@65e2dbf3]" name="setUpClass" is-config="true" duration-ms="333" started-at="2021-04-06T13:11:03 EDT" finished-at="2021-04-06T13:11:03 EDT">
          <reporter-output>
          </reporter-output>
        </test-method> <!-- setUpClass -->
        <test-method status="PASS" signature="runScenario(io.cucumber.testng.PickleWrapper, io.cucumber.testng.FeatureWrapper)[pri:0, instance:TestRunner@65e2dbf3]" name="runScenario" duration-ms="6401" started-at="2021-04-06T13:11:03 EDT" description="Runs Cucumber Scenarios" data-provider="scenarios" finished-at="2021-04-06T13:11:10 EDT">
          <params>
            <param index="0">
              <value>
                <![CDATA["use open talentTek site"]]>
              </value>
            </param>
            <param index="1">
              <value>
                <![CDATA["Optional[open browser and login]"]]>
              </value>
            </param>
          </params>
          <reporter-output>
          </reporter-output>
        </test-method> <!-- runScenario -->
        <test-method status="PASS" signature="runScenario(io.cucumber.testng.PickleWrapper, io.cucumber.testng.FeatureWrapper)[pri:0, instance:TestRunner@65e2dbf3]" name="runScenario" duration-ms="3885" started-at="2021-04-06T13:11:10 EDT" description="Runs Cucumber Scenarios" data-provider="scenarios" finished-at="2021-04-06T13:11:13 EDT">
          <params>
            <param index="0">
              <value>
                <![CDATA["As a user I can enter values in Gherkin syntax to use in the StepDef"]]>
              </value>
            </param>
            <param index="1">
              <value>
                <![CDATA["Optional[Login with Parameters]"]]>
              </value>
            </param>
          </params>
          <reporter-output>
          </reporter-output>
        </test-method> <!-- runScenario -->
        <test-method status="PASS" signature="runScenario(io.cucumber.testng.PickleWrapper, io.cucumber.testng.FeatureWrapper)[pri:0, instance:TestRunner@65e2dbf3]" name="runScenario" duration-ms="4895" started-at="2021-04-06T13:11:13 EDT" description="Runs Cucumber Scenarios" data-provider="scenarios" finished-at="2021-04-06T13:11:18 EDT">
          <params>
            <param index="0">
              <value>
                <![CDATA["Sign up"]]>
              </value>
            </param>
            <param index="1">
              <value>
                <![CDATA["Optional[Signup]"]]>
              </value>
            </param>
          </params>
          <reporter-output>
          </reporter-output>
        </test-method> <!-- runScenario -->
        <test-method status="PASS" signature="runScenario(io.cucumber.testng.PickleWrapper, io.cucumber.testng.FeatureWrapper)[pri:0, instance:TestRunner@65e2dbf3]" name="runScenario" duration-ms="6128" started-at="2021-04-06T13:11:18 EDT" description="Runs Cucumber Scenarios" data-provider="scenarios" finished-at="2021-04-06T13:11:24 EDT">
          <params>
            <param index="0">
              <value>
                <![CDATA["Sign up and then sign back in with studentId"]]>
              </value>
            </param>
            <param index="1">
              <value>
                <![CDATA["Optional[Signup]"]]>
              </value>
            </param>
          </params>
          <reporter-output>
          </reporter-output>
        </test-method> <!-- runScenario -->
        <test-method status="PASS" signature="tearDownClass()[pri:0, instance:TestRunner@65e2dbf3]" name="tearDownClass" is-config="true" duration-ms="123" started-at="2021-04-06T13:11:24 EDT" finished-at="2021-04-06T13:11:25 EDT">
          <reporter-output>
          </reporter-output>
        </test-method> <!-- tearDownClass -->
      </class> <!-- TestRunner -->
    </test> <!-- Surefire test -->
  </suite> <!-- Surefire suite -->
</testng-results>
